#
# There is insufficient memory for the Java Runtime Environment to continue.
# Native memory allocation (malloc) failed to allocate 32784 bytes for Chunk::new
# Possible reasons:
#   The system is out of physical RAM or swap space
#   The process is running with CompressedOops enabled, and the Java Heap may be blocking the growth of the native heap
# Possible solutions:
#   Reduce memory load on the system
#   Increase physical memory or swap space
#   Check if swap backing store is full
#   Decrease Java heap size (-Xmx/-Xms)
#   Decrease number of Java threads
#   Decrease Java thread stack sizes (-Xss)
#   Set larger code cache with -XX:ReservedCodeCacheSize=
#   JVM is running with Unscaled Compressed Oops mode in which the Java heap is
#     placed in the first 4GB address space. The Java Heap base address is the
#     maximum limit for the native heap growth. Please use -XX:HeapBaseMinAddress
#     to set the Java Heap base and to place the Java Heap above 4GB virtual address.
# This output file may be truncated or incomplete.
#
#  Out of Memory Error (arena.cpp:189), pid=15880, tid=3132
#
# JRE version: Java(TM) SE Runtime Environment (17.0.10+11) (build 17.0.10+11-LTS-240)
# Java VM: Java HotSpot(TM) 64-Bit Server VM (17.0.10+11-LTS-240, mixed mode, sharing, tiered, compressed oops, compressed class ptrs, g1 gc, windows-amd64)
# No core dump will be written. Minidumps are not enabled by default on client versions of Windows
#

---------------  S U M M A R Y ------------

Command Line: -agentlib:jdwp=transport=dt_socket,address=127.0.0.1:65086,suspend=y,server=n -javaagent:C:\Users\1605\AppData\Local\JetBrains\IdeaIC2024.2\captureAgent\debugger-agent.jar -Dkotlinx.coroutines.debug.enable.creation.stack.trace=false -Ddebugger.agent.enable.coroutines=true -Dfile.encoding=UTF-8 prep.SpringBootApplication_1.SpringBootApplication1Application

Host: 13th Gen Intel(R) Core(TM) i5-13400, 12 cores, 7G,  Windows 11 , 64 bit Build 26100 (10.0.26100.4202)
Time: Fri Jun 13 12:56:29 2025 India Standard Time elapsed time: 3.995003 seconds (0d 0h 0m 3s)

---------------  T H R E A D  ---------------

Current thread (0x000001fc3917d940):  JavaThread "C2 CompilerThread0" daemon [_thread_in_native, id=3132, stack(0x000000282e400000,0x000000282e500000)]


Current CompileTask:
C2:   3995 1064  s!   4       jdk.internal.loader.URLClassPath::getLoader (194 bytes)

Stack: [0x000000282e400000,0x000000282e500000]
Native frames: (J=compiled Java code, j=interpreted, Vv=VM code, C=native code)
V  [jvm.dll+0x677a5a]
V  [jvm.dll+0x7d8b2d]
V  [jvm.dll+0x7da48e]
V  [jvm.dll+0x7daaf3]
V  [jvm.dll+0x2455ff]
V  [jvm.dll+0xaaafb]
V  [jvm.dll+0xab09c]
V  [jvm.dll+0xaac14]
V  [jvm.dll+0x69b2b9]
V  [jvm.dll+0x218e70]
V  [jvm.dll+0x216c79]
V  [jvm.dll+0x1a3410]
V  [jvm.dll+0x226aeb]
V  [jvm.dll+0x224cab]
V  [jvm.dll+0x78e45c]
V  [jvm.dll+0x78888a]
V  [jvm.dll+0x676935]
C  [ucrtbase.dll+0x37b0]
C  [KERNEL32.DLL+0x2e8d7]
C  [ntdll.dll+0x3c34c]


---------------  P R O C E S S  ---------------

Threads class SMR info:
_java_thread_list=0x000001fc39d01870, length=17, elements={
0x000001fc1adeb480, 0x000001fc3915a040, 0x000001fc3915cb10, 0x000001fc3916e4a0,
0x000001fc3916ee60, 0x000001fc3916f820, 0x000001fc391701e0, 0x000001fc3917d940,
0x000001fc39186310, 0x000001fc39186c20, 0x000001fc3935c6b0, 0x000001fc394339c0,
0x000001fc39507d90, 0x000001fc39510460, 0x000001fc39462330, 0x000001fc39cd80e0,
0x000001fc39609300
}

Java Threads: ( => current thread )
  0x000001fc1adeb480 JavaThread "main" [_thread_blocked, id=3312, stack(0x000000282d700000,0x000000282d800000)]
  0x000001fc3915a040 JavaThread "Reference Handler" daemon [_thread_blocked, id=1708, stack(0x000000282de00000,0x000000282df00000)]
  0x000001fc3915cb10 JavaThread "Finalizer" daemon [_thread_blocked, id=6240, stack(0x000000282df00000,0x000000282e000000)]
  0x000001fc3916e4a0 JavaThread "Signal Dispatcher" daemon [_thread_blocked, id=21708, stack(0x000000282e000000,0x000000282e100000)]
  0x000001fc3916ee60 JavaThread "Attach Listener" daemon [_thread_blocked, id=8232, stack(0x000000282e100000,0x000000282e200000)]
  0x000001fc3916f820 JavaThread "Service Thread" daemon [_thread_blocked, id=20204, stack(0x000000282e200000,0x000000282e300000)]
  0x000001fc391701e0 JavaThread "Monitor Deflation Thread" daemon [_thread_blocked, id=10760, stack(0x000000282e300000,0x000000282e400000)]
=>0x000001fc3917d940 JavaThread "C2 CompilerThread0" daemon [_thread_in_native, id=3132, stack(0x000000282e400000,0x000000282e500000)]
  0x000001fc39186310 JavaThread "C1 CompilerThread0" daemon [_thread_blocked, id=2732, stack(0x000000282e500000,0x000000282e600000)]
  0x000001fc39186c20 JavaThread "Sweeper thread" daemon [_thread_blocked, id=17192, stack(0x000000282e600000,0x000000282e700000)]
  0x000001fc3935c6b0 JavaThread "Common-Cleaner" daemon [_thread_blocked, id=12064, stack(0x000000282e700000,0x000000282e800000)]
  0x000001fc394339c0 JavaThread "JDWP Transport Listener: dt_socket" daemon [_thread_blocked, id=21856, stack(0x000000282e800000,0x000000282e900000)]
  0x000001fc39507d90 JavaThread "JDWP Event Helper Thread" daemon [_thread_in_native, id=21652, stack(0x000000282e900000,0x000000282ea00000)]
  0x000001fc39510460 JavaThread "JDWP Command Reader" daemon [_thread_in_native, id=23724, stack(0x000000282ea00000,0x000000282eb00000)]
  0x000001fc39462330 JavaThread "Notification Thread" daemon [_thread_blocked, id=15532, stack(0x000000282eb00000,0x000000282ec00000)]
  0x000001fc39cd80e0 JavaThread "Thread-0" [_thread_blocked, id=20872, stack(0x000000282ee00000,0x000000282ef00000)]
  0x000001fc39609300 JavaThread "restartedMain" [_thread_in_native, id=23256, stack(0x000000282f800000,0x000000282f900000)]

Other Threads:
  0x000001fc3914b570 VMThread "VM Thread" [stack: 0x000000282dd00000,0x000000282de00000] [id=23584]
  0x000001fc1ae78c60 WatcherThread [stack: 0x000000282ec00000,0x000000282ed00000] [id=11292]
  0x000001fc1ae46190 GCTaskThread "GC Thread#0" [stack: 0x000000282d800000,0x000000282d900000] [id=14648]
  0x000001fc398819d0 GCTaskThread "GC Thread#1" [stack: 0x000000282ef00000,0x000000282f000000] [id=2816]
  0x000001fc39882790 GCTaskThread "GC Thread#2" [stack: 0x000000282f000000,0x000000282f100000] [id=4180]
  0x000001fc398824d0 GCTaskThread "GC Thread#3" [stack: 0x000000282f100000,0x000000282f200000] [id=21960]
  0x000001fc39880ed0 GCTaskThread "GC Thread#4" [stack: 0x000000282f200000,0x000000282f300000] [id=1060]
  0x000001fc39881450 GCTaskThread "GC Thread#5" [stack: 0x000000282f300000,0x000000282f400000] [id=14800]
  0x000001fc39881c90 GCTaskThread "GC Thread#6" [stack: 0x000000282f400000,0x000000282f500000] [id=21536]
  0x000001fc39881f50 GCTaskThread "GC Thread#7" [stack: 0x000000282f500000,0x000000282f600000] [id=20440]
  0x000001fc39882210 GCTaskThread "GC Thread#8" [stack: 0x000000282f600000,0x000000282f700000] [id=21832]
  0x000001fc7f021900 GCTaskThread "GC Thread#9" [stack: 0x000000282f700000,0x000000282f800000] [id=12372]
  0x000001fc1ae59410 ConcurrentGCThread "G1 Main Marker" [stack: 0x000000282d900000,0x000000282da00000] [id=19764]
  0x000001fc1ae5b5d0 ConcurrentGCThread "G1 Conc#0" [stack: 0x000000282da00000,0x000000282db00000] [id=22364]
  0x000001fc1aeae2d0 ConcurrentGCThread "G1 Refine#0" [stack: 0x000000282db00000,0x000000282dc00000] [id=15552]
  0x000001fc1aeaeba0 ConcurrentGCThread "G1 Service" [stack: 0x000000282dc00000,0x000000282dd00000] [id=16548]

Threads with active compile tasks:
C2 CompilerThread0     4012 1064  s!   4       jdk.internal.loader.URLClassPath::getLoader (194 bytes)

VM state: not at safepoint (normal execution)

VM Mutex/Monitor currently owned by a thread: None

Heap address: 0x0000000084e00000, size: 1970 MB, Compressed Oops mode: 32-bit

CDS archive(s) mapped at: [0x000001fc3a000000-0x000001fc3abd0000-0x000001fc3abd0000), size 12386304, SharedBaseAddress: 0x000001fc3a000000, ArchiveRelocationMode: 1.
Compressed class space mapped at: 0x000001fc3b000000-0x000001fc7b000000, reserved size: 1073741824
Narrow klass base: 0x000001fc3a000000, Narrow klass shift: 0, Narrow klass range: 0x100000000

GC Precious Log:
 CPUs: 12 total, 12 available
 Memory: 7876M
 Large Page Support: Disabled
 NUMA Support: Disabled
 Compressed Oops: Enabled (32-bit)
 Heap Region Size: 1M
 Heap Min Capacity: 8M
 Heap Initial Capacity: 124M
 Heap Max Capacity: 1970M
 Pre-touch: Disabled
 Parallel Workers: 10
 Concurrent Workers: 3
 Concurrent Refinement Workers: 10
 Periodic GC: Disabled

Heap:
 garbage-first heap   total 126976K, used 13722K [0x0000000084e00000, 0x0000000100000000)
  region size 1024K, 10 young (10240K), 3 survivors (3072K)
 Metaspace       used 5508K, committed 5696K, reserved 1114112K
  class space    used 632K, committed 704K, reserved 1048576K

Heap Regions: E=young(eden), S=young(survivor), O=old, HS=humongous(starts), HC=humongous(continues), CS=collection set, F=free, OA=open archive, CA=closed archive, TAMS=top-at-mark-start (previous, next)
|   0|0x0000000084e00000, 0x0000000084f00000, 0x0000000084f00000|100%|HS|  |TAMS 0x0000000084e00000, 0x0000000084e00000| Complete 
|   1|0x0000000084f00000, 0x0000000085000000, 0x0000000085000000|100%|HS|  |TAMS 0x0000000084f00000, 0x0000000084f00000| Complete 
|   2|0x0000000085000000, 0x0000000085100000, 0x0000000085100000|100%| O|  |TAMS 0x0000000085000000, 0x0000000085000000| Untracked 
|   3|0x0000000085100000, 0x0000000085200000, 0x0000000085200000|100%| O|  |TAMS 0x0000000085100000, 0x0000000085100000| Untracked 
|   4|0x0000000085200000, 0x0000000085266800, 0x0000000085300000| 40%| O|  |TAMS 0x0000000085200000, 0x0000000085200000| Untracked 
|   5|0x0000000085300000, 0x0000000085300000, 0x0000000085400000|  0%| F|  |TAMS 0x0000000085300000, 0x0000000085300000| Untracked 
|   6|0x0000000085400000, 0x0000000085400000, 0x0000000085500000|  0%| F|  |TAMS 0x0000000085400000, 0x0000000085400000| Untracked 
|   7|0x0000000085500000, 0x0000000085500000, 0x0000000085600000|  0%| F|  |TAMS 0x0000000085500000, 0x0000000085500000| Untracked 
|   8|0x0000000085600000, 0x0000000085600000, 0x0000000085700000|  0%| F|  |TAMS 0x0000000085600000, 0x0000000085600000| Untracked 
|   9|0x0000000085700000, 0x0000000085700000, 0x0000000085800000|  0%| F|  |TAMS 0x0000000085700000, 0x0000000085700000| Untracked 
|  10|0x0000000085800000, 0x0000000085800000, 0x0000000085900000|  0%| F|  |TAMS 0x0000000085800000, 0x0000000085800000| Untracked 
|  11|0x0000000085900000, 0x0000000085900000, 0x0000000085a00000|  0%| F|  |TAMS 0x0000000085900000, 0x0000000085900000| Untracked 
|  12|0x0000000085a00000, 0x0000000085a00000, 0x0000000085b00000|  0%| F|  |TAMS 0x0000000085a00000, 0x0000000085a00000| Untracked 
|  13|0x0000000085b00000, 0x0000000085b00000, 0x0000000085c00000|  0%| F|  |TAMS 0x0000000085b00000, 0x0000000085b00000| Untracked 
|  14|0x0000000085c00000, 0x0000000085c00000, 0x0000000085d00000|  0%| F|  |TAMS 0x0000000085c00000, 0x0000000085c00000| Untracked 
|  15|0x0000000085d00000, 0x0000000085d00000, 0x0000000085e00000|  0%| F|  |TAMS 0x0000000085d00000, 0x0000000085d00000| Untracked 
|  16|0x0000000085e00000, 0x0000000085e00000, 0x0000000085f00000|  0%| F|  |TAMS 0x0000000085e00000, 0x0000000085e00000| Untracked 
|  17|0x0000000085f00000, 0x0000000085f00000, 0x0000000086000000|  0%| F|  |TAMS 0x0000000085f00000, 0x0000000085f00000| Untracked 
|  18|0x0000000086000000, 0x0000000086000000, 0x0000000086100000|  0%| F|  |TAMS 0x0000000086000000, 0x0000000086000000| Untracked 
|  19|0x0000000086100000, 0x0000000086100000, 0x0000000086200000|  0%| F|  |TAMS 0x0000000086100000, 0x0000000086100000| Untracked 
|  20|0x0000000086200000, 0x0000000086200000, 0x0000000086300000|  0%| F|  |TAMS 0x0000000086200000, 0x0000000086200000| Untracked 
|  21|0x0000000086300000, 0x0000000086300000, 0x0000000086400000|  0%| F|  |TAMS 0x0000000086300000, 0x0000000086300000| Untracked 
|  22|0x0000000086400000, 0x0000000086400000, 0x0000000086500000|  0%| F|  |TAMS 0x0000000086400000, 0x0000000086400000| Untracked 
|  23|0x0000000086500000, 0x0000000086500000, 0x0000000086600000|  0%| F|  |TAMS 0x0000000086500000, 0x0000000086500000| Untracked 
|  24|0x0000000086600000, 0x0000000086600000, 0x0000000086700000|  0%| F|  |TAMS 0x0000000086600000, 0x0000000086600000| Untracked 
|  25|0x0000000086700000, 0x0000000086700000, 0x0000000086800000|  0%| F|  |TAMS 0x0000000086700000, 0x0000000086700000| Untracked 
|  26|0x0000000086800000, 0x0000000086800000, 0x0000000086900000|  0%| F|  |TAMS 0x0000000086800000, 0x0000000086800000| Untracked 
|  27|0x0000000086900000, 0x0000000086900000, 0x0000000086a00000|  0%| F|  |TAMS 0x0000000086900000, 0x0000000086900000| Untracked 
|  28|0x0000000086a00000, 0x0000000086a00000, 0x0000000086b00000|  0%| F|  |TAMS 0x0000000086a00000, 0x0000000086a00000| Untracked 
|  29|0x0000000086b00000, 0x0000000086b00000, 0x0000000086c00000|  0%| F|  |TAMS 0x0000000086b00000, 0x0000000086b00000| Untracked 
|  30|0x0000000086c00000, 0x0000000086c00000, 0x0000000086d00000|  0%| F|  |TAMS 0x0000000086c00000, 0x0000000086c00000| Untracked 
|  31|0x0000000086d00000, 0x0000000086d00000, 0x0000000086e00000|  0%| F|  |TAMS 0x0000000086d00000, 0x0000000086d00000| Untracked 
|  32|0x0000000086e00000, 0x0000000086e00000, 0x0000000086f00000|  0%| F|  |TAMS 0x0000000086e00000, 0x0000000086e00000| Untracked 
|  33|0x0000000086f00000, 0x0000000086f00000, 0x0000000087000000|  0%| F|  |TAMS 0x0000000086f00000, 0x0000000086f00000| Untracked 
|  34|0x0000000087000000, 0x0000000087000000, 0x0000000087100000|  0%| F|  |TAMS 0x0000000087000000, 0x0000000087000000| Untracked 
|  35|0x0000000087100000, 0x0000000087100000, 0x0000000087200000|  0%| F|  |TAMS 0x0000000087100000, 0x0000000087100000| Untracked 
|  36|0x0000000087200000, 0x0000000087200000, 0x0000000087300000|  0%| F|  |TAMS 0x0000000087200000, 0x0000000087200000| Untracked 
|  37|0x0000000087300000, 0x0000000087300000, 0x0000000087400000|  0%| F|  |TAMS 0x0000000087300000, 0x0000000087300000| Untracked 
|  38|0x0000000087400000, 0x0000000087400000, 0x0000000087500000|  0%| F|  |TAMS 0x0000000087400000, 0x0000000087400000| Untracked 
|  39|0x0000000087500000, 0x0000000087500000, 0x0000000087600000|  0%| F|  |TAMS 0x0000000087500000, 0x0000000087500000| Untracked 
|  40|0x0000000087600000, 0x0000000087600000, 0x0000000087700000|  0%| F|  |TAMS 0x0000000087600000, 0x0000000087600000| Untracked 
|  41|0x0000000087700000, 0x0000000087700000, 0x0000000087800000|  0%| F|  |TAMS 0x0000000087700000, 0x0000000087700000| Untracked 
|  42|0x0000000087800000, 0x0000000087800000, 0x0000000087900000|  0%| F|  |TAMS 0x0000000087800000, 0x0000000087800000| Untracked 
|  43|0x0000000087900000, 0x0000000087900000, 0x0000000087a00000|  0%| F|  |TAMS 0x0000000087900000, 0x0000000087900000| Untracked 
|  44|0x0000000087a00000, 0x0000000087a00000, 0x0000000087b00000|  0%| F|  |TAMS 0x0000000087a00000, 0x0000000087a00000| Untracked 
|  45|0x0000000087b00000, 0x0000000087b00000, 0x0000000087c00000|  0%| F|  |TAMS 0x0000000087b00000, 0x0000000087b00000| Untracked 
|  46|0x0000000087c00000, 0x0000000087c00000, 0x0000000087d00000|  0%| F|  |TAMS 0x0000000087c00000, 0x0000000087c00000| Untracked 
|  47|0x0000000087d00000, 0x0000000087d00000, 0x0000000087e00000|  0%| F|  |TAMS 0x0000000087d00000, 0x0000000087d00000| Untracked 
|  48|0x0000000087e00000, 0x0000000087e00000, 0x0000000087f00000|  0%| F|  |TAMS 0x0000000087e00000, 0x0000000087e00000| Untracked 
|  49|0x0000000087f00000, 0x0000000087f00000, 0x0000000088000000|  0%| F|  |TAMS 0x0000000087f00000, 0x0000000087f00000| Untracked 
|  50|0x0000000088000000, 0x0000000088000000, 0x0000000088100000|  0%| F|  |TAMS 0x0000000088000000, 0x0000000088000000| Untracked 
|  51|0x0000000088100000, 0x0000000088100000, 0x0000000088200000|  0%| F|  |TAMS 0x0000000088100000, 0x0000000088100000| Untracked 
|  52|0x0000000088200000, 0x0000000088200000, 0x0000000088300000|  0%| F|  |TAMS 0x0000000088200000, 0x0000000088200000| Untracked 
|  53|0x0000000088300000, 0x0000000088300000, 0x0000000088400000|  0%| F|  |TAMS 0x0000000088300000, 0x0000000088300000| Untracked 
|  54|0x0000000088400000, 0x0000000088400000, 0x0000000088500000|  0%| F|  |TAMS 0x0000000088400000, 0x0000000088400000| Untracked 
|  55|0x0000000088500000, 0x0000000088500000, 0x0000000088600000|  0%| F|  |TAMS 0x0000000088500000, 0x0000000088500000| Untracked 
|  56|0x0000000088600000, 0x0000000088600000, 0x0000000088700000|  0%| F|  |TAMS 0x0000000088600000, 0x0000000088600000| Untracked 
|  57|0x0000000088700000, 0x0000000088700000, 0x0000000088800000|  0%| F|  |TAMS 0x0000000088700000, 0x0000000088700000| Untracked 
|  58|0x0000000088800000, 0x0000000088800000, 0x0000000088900000|  0%| F|  |TAMS 0x0000000088800000, 0x0000000088800000| Untracked 
|  59|0x0000000088900000, 0x0000000088900000, 0x0000000088a00000|  0%| F|  |TAMS 0x0000000088900000, 0x0000000088900000| Untracked 
|  60|0x0000000088a00000, 0x0000000088a00000, 0x0000000088b00000|  0%| F|  |TAMS 0x0000000088a00000, 0x0000000088a00000| Untracked 
|  61|0x0000000088b00000, 0x0000000088b00000, 0x0000000088c00000|  0%| F|  |TAMS 0x0000000088b00000, 0x0000000088b00000| Untracked 
|  62|0x0000000088c00000, 0x0000000088c00000, 0x0000000088d00000|  0%| F|  |TAMS 0x0000000088c00000, 0x0000000088c00000| Untracked 
|  63|0x0000000088d00000, 0x0000000088d00000, 0x0000000088e00000|  0%| F|  |TAMS 0x0000000088d00000, 0x0000000088d00000| Untracked 
|  64|0x0000000088e00000, 0x0000000088e00000, 0x0000000088f00000|  0%| F|  |TAMS 0x0000000088e00000, 0x0000000088e00000| Untracked 
|  65|0x0000000088f00000, 0x0000000088f00000, 0x0000000089000000|  0%| F|  |TAMS 0x0000000088f00000, 0x0000000088f00000| Untracked 
|  66|0x0000000089000000, 0x0000000089000000, 0x0000000089100000|  0%| F|  |TAMS 0x0000000089000000, 0x0000000089000000| Untracked 
|  67|0x0000000089100000, 0x0000000089100000, 0x0000000089200000|  0%| F|  |TAMS 0x0000000089100000, 0x0000000089100000| Untracked 
|  68|0x0000000089200000, 0x0000000089200000, 0x0000000089300000|  0%| F|  |TAMS 0x0000000089200000, 0x0000000089200000| Untracked 
|  69|0x0000000089300000, 0x0000000089300000, 0x0000000089400000|  0%| F|  |TAMS 0x0000000089300000, 0x0000000089300000| Untracked 
|  70|0x0000000089400000, 0x0000000089400000, 0x0000000089500000|  0%| F|  |TAMS 0x0000000089400000, 0x0000000089400000| Untracked 
|  71|0x0000000089500000, 0x0000000089500000, 0x0000000089600000|  0%| F|  |TAMS 0x0000000089500000, 0x0000000089500000| Untracked 
|  72|0x0000000089600000, 0x0000000089600000, 0x0000000089700000|  0%| F|  |TAMS 0x0000000089600000, 0x0000000089600000| Untracked 
|  73|0x0000000089700000, 0x0000000089700000, 0x0000000089800000|  0%| F|  |TAMS 0x0000000089700000, 0x0000000089700000| Untracked 
|  74|0x0000000089800000, 0x0000000089800000, 0x0000000089900000|  0%| F|  |TAMS 0x0000000089800000, 0x0000000089800000| Untracked 
|  75|0x0000000089900000, 0x0000000089900000, 0x0000000089a00000|  0%| F|  |TAMS 0x0000000089900000, 0x0000000089900000| Untracked 
|  76|0x0000000089a00000, 0x0000000089a00000, 0x0000000089b00000|  0%| F|  |TAMS 0x0000000089a00000, 0x0000000089a00000| Untracked 
|  77|0x0000000089b00000, 0x0000000089b00000, 0x0000000089c00000|  0%| F|  |TAMS 0x0000000089b00000, 0x0000000089b00000| Untracked 
|  78|0x0000000089c00000, 0x0000000089c00000, 0x0000000089d00000|  0%| F|  |TAMS 0x0000000089c00000, 0x0000000089c00000| Untracked 
|  79|0x0000000089d00000, 0x0000000089d00000, 0x0000000089e00000|  0%| F|  |TAMS 0x0000000089d00000, 0x0000000089d00000| Untracked 
|  80|0x0000000089e00000, 0x0000000089e00000, 0x0000000089f00000|  0%| F|  |TAMS 0x0000000089e00000, 0x0000000089e00000| Untracked 
|  81|0x0000000089f00000, 0x0000000089f00000, 0x000000008a000000|  0%| F|  |TAMS 0x0000000089f00000, 0x0000000089f00000| Untracked 
|  82|0x000000008a000000, 0x000000008a000000, 0x000000008a100000|  0%| F|  |TAMS 0x000000008a000000, 0x000000008a000000| Untracked 
|  83|0x000000008a100000, 0x000000008a100000, 0x000000008a200000|  0%| F|  |TAMS 0x000000008a100000, 0x000000008a100000| Untracked 
|  84|0x000000008a200000, 0x000000008a200000, 0x000000008a300000|  0%| F|  |TAMS 0x000000008a200000, 0x000000008a200000| Untracked 
|  85|0x000000008a300000, 0x000000008a300000, 0x000000008a400000|  0%| F|  |TAMS 0x000000008a300000, 0x000000008a300000| Untracked 
|  86|0x000000008a400000, 0x000000008a400000, 0x000000008a500000|  0%| F|  |TAMS 0x000000008a400000, 0x000000008a400000| Untracked 
|  87|0x000000008a500000, 0x000000008a500000, 0x000000008a600000|  0%| F|  |TAMS 0x000000008a500000, 0x000000008a500000| Untracked 
|  88|0x000000008a600000, 0x000000008a600000, 0x000000008a700000|  0%| F|  |TAMS 0x000000008a600000, 0x000000008a600000| Untracked 
|  89|0x000000008a700000, 0x000000008a700000, 0x000000008a800000|  0%| F|  |TAMS 0x000000008a700000, 0x000000008a700000| Untracked 
|  90|0x000000008a800000, 0x000000008a800000, 0x000000008a900000|  0%| F|  |TAMS 0x000000008a800000, 0x000000008a800000| Untracked 
|  91|0x000000008a900000, 0x000000008a900000, 0x000000008aa00000|  0%| F|  |TAMS 0x000000008a900000, 0x000000008a900000| Untracked 
|  92|0x000000008aa00000, 0x000000008aa00000, 0x000000008ab00000|  0%| F|  |TAMS 0x000000008aa00000, 0x000000008aa00000| Untracked 
|  93|0x000000008ab00000, 0x000000008ab00000, 0x000000008ac00000|  0%| F|  |TAMS 0x000000008ab00000, 0x000000008ab00000| Untracked 
|  94|0x000000008ac00000, 0x000000008ac00000, 0x000000008ad00000|  0%| F|  |TAMS 0x000000008ac00000, 0x000000008ac00000| Untracked 
|  95|0x000000008ad00000, 0x000000008ad00000, 0x000000008ae00000|  0%| F|  |TAMS 0x000000008ad00000, 0x000000008ad00000| Untracked 
|  96|0x000000008ae00000, 0x000000008ae00000, 0x000000008af00000|  0%| F|  |TAMS 0x000000008ae00000, 0x000000008ae00000| Untracked 
|  97|0x000000008af00000, 0x000000008af00000, 0x000000008b000000|  0%| F|  |TAMS 0x000000008af00000, 0x000000008af00000| Untracked 
|  98|0x000000008b000000, 0x000000008b100000, 0x000000008b100000|100%| S|CS|TAMS 0x000000008b000000, 0x000000008b000000| Complete 
|  99|0x000000008b100000, 0x000000008b200000, 0x000000008b200000|100%| S|CS|TAMS 0x000000008b100000, 0x000000008b100000| Complete 
| 100|0x000000008b200000, 0x000000008b300000, 0x000000008b300000|100%| S|CS|TAMS 0x000000008b200000, 0x000000008b200000| Complete 
| 101|0x000000008b300000, 0x000000008b300000, 0x000000008b400000|  0%| F|  |TAMS 0x000000008b300000, 0x000000008b300000| Untracked 
| 102|0x000000008b400000, 0x000000008b400000, 0x000000008b500000|  0%| F|  |TAMS 0x000000008b400000, 0x000000008b400000| Untracked 
| 103|0x000000008b500000, 0x000000008b500000, 0x000000008b600000|  0%| F|  |TAMS 0x000000008b500000, 0x000000008b500000| Untracked 
| 104|0x000000008b600000, 0x000000008b600000, 0x000000008b700000|  0%| F|  |TAMS 0x000000008b600000, 0x000000008b600000| Untracked 
| 105|0x000000008b700000, 0x000000008b700000, 0x000000008b800000|  0%| F|  |TAMS 0x000000008b700000, 0x000000008b700000| Untracked 
| 106|0x000000008b800000, 0x000000008b800000, 0x000000008b900000|  0%| F|  |TAMS 0x000000008b800000, 0x000000008b800000| Untracked 
| 107|0x000000008b900000, 0x000000008b900000, 0x000000008ba00000|  0%| F|  |TAMS 0x000000008b900000, 0x000000008b900000| Untracked 
| 108|0x000000008ba00000, 0x000000008ba00000, 0x000000008bb00000|  0%| F|  |TAMS 0x000000008ba00000, 0x000000008ba00000| Untracked 
| 109|0x000000008bb00000, 0x000000008bb00000, 0x000000008bc00000|  0%| F|  |TAMS 0x000000008bb00000, 0x000000008bb00000| Untracked 
| 110|0x000000008bc00000, 0x000000008bc00000, 0x000000008bd00000|  0%| F|  |TAMS 0x000000008bc00000, 0x000000008bc00000| Untracked 
| 111|0x000000008bd00000, 0x000000008bd00000, 0x000000008be00000|  0%| F|  |TAMS 0x000000008bd00000, 0x000000008bd00000| Untracked 
| 112|0x000000008be00000, 0x000000008be00000, 0x000000008bf00000|  0%| F|  |TAMS 0x000000008be00000, 0x000000008be00000| Untracked 
| 113|0x000000008bf00000, 0x000000008bf00000, 0x000000008c000000|  0%| F|  |TAMS 0x000000008bf00000, 0x000000008bf00000| Untracked 
| 114|0x000000008c000000, 0x000000008c000000, 0x000000008c100000|  0%| F|  |TAMS 0x000000008c000000, 0x000000008c000000| Untracked 
| 115|0x000000008c100000, 0x000000008c100000, 0x000000008c200000|  0%| F|  |TAMS 0x000000008c100000, 0x000000008c100000| Untracked 
| 116|0x000000008c200000, 0x000000008c200000, 0x000000008c300000|  0%| F|  |TAMS 0x000000008c200000, 0x000000008c200000| Untracked 
| 117|0x000000008c300000, 0x000000008c332050, 0x000000008c400000| 19%| E|  |TAMS 0x000000008c300000, 0x000000008c300000| Complete 
| 118|0x000000008c400000, 0x000000008c500000, 0x000000008c500000|100%| E|CS|TAMS 0x000000008c400000, 0x000000008c400000| Complete 
| 119|0x000000008c500000, 0x000000008c600000, 0x000000008c600000|100%| E|CS|TAMS 0x000000008c500000, 0x000000008c500000| Complete 
| 120|0x000000008c600000, 0x000000008c700000, 0x000000008c700000|100%| E|CS|TAMS 0x000000008c600000, 0x000000008c600000| Complete 
| 121|0x000000008c700000, 0x000000008c800000, 0x000000008c800000|100%| E|CS|TAMS 0x000000008c700000, 0x000000008c700000| Complete 
| 122|0x000000008c800000, 0x000000008c900000, 0x000000008c900000|100%| E|CS|TAMS 0x000000008c800000, 0x000000008c800000| Complete 
| 123|0x000000008c900000, 0x000000008ca00000, 0x000000008ca00000|100%| E|CS|TAMS 0x000000008c900000, 0x000000008c900000| Complete 

Card table byte_map: [0x000001fc31fc0000,0x000001fc323a0000] _byte_map_base: 0x000001fc31b99000

Marking Bits (Prev, Next): (CMBitMap*) 0x000001fc1ae477c0, (CMBitMap*) 0x000001fc1ae47800
 Prev Bits: [0x000001fc32780000, 0x000001fc34648000)
 Next Bits: [0x000001fc34650000, 0x000001fc36518000)

Polling page: 0x000001fc18cd0000

Metaspace:

Usage:
  Non-class:      4.80 MB used.
      Class:    636.43 KB used.
       Both:      5.42 MB used.

Virtual space:
  Non-class space:       64.00 MB reserved,       4.88 MB (  8%) committed,  1 nodes.
      Class space:        1.00 GB reserved,     704.00 KB ( <1%) committed,  1 nodes.
             Both:        1.06 GB reserved,       5.56 MB ( <1%) committed. 

Chunk freelists:
   Non-Class:  9.52 MB
       Class:  15.34 MB
        Both:  24.86 MB

MaxMetaspaceSize: unlimited
CompressedClassSpaceSize: 1.00 GB
Initial GC threshold: 21.00 MB
Current GC threshold: 21.00 MB
CDS: on
MetaspaceReclaimPolicy: balanced
 - commit_granule_bytes: 65536.
 - commit_granule_words: 8192.
 - virtual_space_node_default_size: 8388608.
 - enlarge_chunks_in_place: 1.
 - new_chunks_are_fully_committed: 0.
 - uncommit_free_chunks: 1.
 - use_allocation_guard: 0.
 - handle_deallocations: 1.


Internal statistics:

num_allocs_failed_limit: 0.
num_arena_births: 100.
num_arena_deaths: 0.
num_vsnodes_births: 2.
num_vsnodes_deaths: 0.
num_space_committed: 89.
num_space_uncommitted: 0.
num_chunks_returned_to_freelist: 0.
num_chunks_taken_from_freelist: 247.
num_chunk_merges: 0.
num_chunk_splits: 158.
num_chunks_enlarged: 118.
num_inconsistent_stats: 0.

CodeHeap 'non-profiled nmethods': size=120000Kb used=412Kb max_used=412Kb free=119587Kb
 bounds [0x000001fc2a160000, 0x000001fc2a3d0000, 0x000001fc31690000]
CodeHeap 'profiled nmethods': size=120000Kb used=2048Kb max_used=2048Kb free=117951Kb
 bounds [0x000001fc22690000, 0x000001fc22900000, 0x000001fc29bc0000]
CodeHeap 'non-nmethods': size=5760Kb used=1209Kb max_used=1242Kb free=4551Kb
 bounds [0x000001fc29bc0000, 0x000001fc29e30000, 0x000001fc2a160000]
 total_blobs=1524 nmethods=1098 adapters=339
 compilation: enabled
              stopped_count=0, restarted_count=0
 full_count=0

Compilation events (20 events):
Event: 1.961 Thread 0x000001fc39186310 nmethod 1055 0x000001fc2287bb90 code [0x000001fc2287bd20, 0x000001fc2287be48]
Event: 1.961 Thread 0x000001fc3917d940 1056       4       jdk.internal.org.objectweb.asm.ClassReader::readUnsignedShort (26 bytes)
Event: 1.961 Thread 0x000001fc3917d940 nmethod 1056 0x000001fc2a1c4110 code [0x000001fc2a1c4280, 0x000001fc2a1c4378]
Event: 1.963 Thread 0x000001fc39186310 1057       3       java.lang.Character::toUpperCase (6 bytes)
Event: 1.964 Thread 0x000001fc39186310 nmethod 1057 0x000001fc2287bf10 code [0x000001fc2287c0c0, 0x000001fc2287c318]
Event: 1.964 Thread 0x000001fc39186310 1058       3       java.lang.Character::toUpperCase (9 bytes)
Event: 1.964 Thread 0x000001fc39186310 nmethod 1058 0x000001fc2287c410 code [0x000001fc2287c5c0, 0x000001fc2287c7b8]
Event: 1.964 Thread 0x000001fc39186310 1059       3       java.util.TreeMap::parentOf (13 bytes)
Event: 1.964 Thread 0x000001fc39186310 nmethod 1059 0x000001fc2287c890 code [0x000001fc2287ca20, 0x000001fc2287cb98]
Event: 1.965 Thread 0x000001fc3917d940 1060       4       java.util.ArrayList::get (15 bytes)
Event: 1.965 Thread 0x000001fc39186310 1061   !   3       com.intellij.rt.debugger.agent.CollectionBreakpointInstrumentor$CollectionBreakpointTransformer::transform (109 bytes)
Event: 1.965 Thread 0x000001fc3917d940 nmethod 1060 0x000001fc2a1c4490 code [0x000001fc2a1c4600, 0x000001fc2a1c4718]
Event: 1.965 Thread 0x000001fc3917d940 1064  s!   4       jdk.internal.loader.URLClassPath::getLoader (194 bytes)
Event: 1.966 Thread 0x000001fc39186310 nmethod 1061 0x000001fc2287cc90 code [0x000001fc2287cfc0, 0x000001fc2287df88]
Event: 1.966 Thread 0x000001fc39186310 1062       3       com.intellij.rt.debugger.agent.CollectionBreakpointInstrumentor::access$1100 (4 bytes)
Event: 1.966 Thread 0x000001fc39186310 nmethod 1062 0x000001fc2287e790 code [0x000001fc2287e920, 0x000001fc2287ea18]
Event: 1.966 Thread 0x000001fc39186310 1063       3       com.intellij.rt.debugger.agent.CollectionBreakpointInstrumentor::access$1200 (4 bytes)
Event: 1.966 Thread 0x000001fc39186310 nmethod 1063 0x000001fc2287ea90 code [0x000001fc2287ec20, 0x000001fc2287ed18]
Event: 1.967 Thread 0x000001fc39186310 1065   !   3       jdk.internal.loader.URLClassPath$JarLoader::getResource (354 bytes)
Event: 1.968 Thread 0x000001fc39186310 nmethod 1065 0x000001fc2287ed90 code [0x000001fc2287f220, 0x000001fc22881318]

GC Heap History (2 events):
Event: 1.897 GC heap before
{Heap before GC invocations=0 (full 0):
 garbage-first heap   total 126976K, used 24576K [0x0000000084e00000, 0x0000000100000000)
  region size 1024K, 23 young (23552K), 0 survivors (0K)
 Metaspace       used 4306K, committed 4480K, reserved 1114112K
  class space    used 484K, committed 576K, reserved 1048576K
}
Event: 1.901 GC heap after
{Heap after GC invocations=1 (full 0):
 garbage-first heap   total 126976K, used 7578K [0x0000000084e00000, 0x0000000100000000)
  region size 1024K, 3 young (3072K), 3 survivors (3072K)
 Metaspace       used 4306K, committed 4480K, reserved 1114112K
  class space    used 484K, committed 576K, reserved 1048576K
}

Deoptimization events (20 events):
Event: 1.931 Thread 0x000001fc39609300 DEOPT PACKING pc=0x000001fc2a1ad318 sp=0x000000282f8fd380
Event: 1.931 Thread 0x000001fc39609300 DEOPT UNPACKING pc=0x000001fc29c123a3 sp=0x000000282f8fd2f8 mode 2
Event: 1.953 Thread 0x000001fc39609300 DEOPT PACKING pc=0x000001fc2271f56b sp=0x000000282f8fa1d0
Event: 1.953 Thread 0x000001fc39609300 DEOPT UNPACKING pc=0x000001fc29c12b43 sp=0x000000282f8f96f8 mode 0
Event: 1.963 Thread 0x000001fc39609300 Uncommon trap: trap_request=0xffffffc6 fr.pc=0x000001fc2a1ad170 relative=0x0000000000001650
Event: 1.963 Thread 0x000001fc39609300 Uncommon trap: reason=bimorphic_or_optimized_type_check action=maybe_recompile pc=0x000001fc2a1ad170 method=java.util.HashMap.putVal(ILjava/lang/Object;Ljava/lang/Object;ZZ)Ljava/lang/Object; @ 56 c2
Event: 1.963 Thread 0x000001fc39609300 DEOPT PACKING pc=0x000001fc2a1ad170 sp=0x000000282f8fd990
Event: 1.963 Thread 0x000001fc39609300 DEOPT UNPACKING pc=0x000001fc29c123a3 sp=0x000000282f8fd8e0 mode 2
Event: 1.963 Thread 0x000001fc39609300 Uncommon trap: trap_request=0xffffffc6 fr.pc=0x000001fc2a1ad170 relative=0x0000000000001650
Event: 1.963 Thread 0x000001fc39609300 Uncommon trap: reason=bimorphic_or_optimized_type_check action=maybe_recompile pc=0x000001fc2a1ad170 method=java.util.HashMap.putVal(ILjava/lang/Object;Ljava/lang/Object;ZZ)Ljava/lang/Object; @ 56 c2
Event: 1.963 Thread 0x000001fc39609300 DEOPT PACKING pc=0x000001fc2a1ad170 sp=0x000000282f8fd990
Event: 1.963 Thread 0x000001fc39609300 DEOPT UNPACKING pc=0x000001fc29c123a3 sp=0x000000282f8fd8e0 mode 2
Event: 1.963 Thread 0x000001fc39609300 Uncommon trap: trap_request=0xffffffc6 fr.pc=0x000001fc2a1ad170 relative=0x0000000000001650
Event: 1.963 Thread 0x000001fc39609300 Uncommon trap: reason=bimorphic_or_optimized_type_check action=maybe_recompile pc=0x000001fc2a1ad170 method=java.util.HashMap.putVal(ILjava/lang/Object;Ljava/lang/Object;ZZ)Ljava/lang/Object; @ 56 c2
Event: 1.963 Thread 0x000001fc39609300 DEOPT PACKING pc=0x000001fc2a1ad170 sp=0x000000282f8fd990
Event: 1.963 Thread 0x000001fc39609300 DEOPT UNPACKING pc=0x000001fc29c123a3 sp=0x000000282f8fd8e0 mode 2
Event: 1.963 Thread 0x000001fc39609300 Uncommon trap: trap_request=0xffffffc6 fr.pc=0x000001fc2a1ad170 relative=0x0000000000001650
Event: 1.963 Thread 0x000001fc39609300 Uncommon trap: reason=bimorphic_or_optimized_type_check action=maybe_recompile pc=0x000001fc2a1ad170 method=java.util.HashMap.putVal(ILjava/lang/Object;Ljava/lang/Object;ZZ)Ljava/lang/Object; @ 56 c2
Event: 1.963 Thread 0x000001fc39609300 DEOPT PACKING pc=0x000001fc2a1ad170 sp=0x000000282f8fd990
Event: 1.963 Thread 0x000001fc39609300 DEOPT UNPACKING pc=0x000001fc29c123a3 sp=0x000000282f8fd8e0 mode 2

Classes unloaded (0 events):
No events

Classes redefined (0 events):
No events

Internal exceptions (16 events):
Event: 1.665 Thread 0x000001fc1adeb480 Exception <a 'java/lang/NoSuchMethodError'{0x000000008bf91588}: 'java.lang.Object java.lang.invoke.DirectMethodHandle$Holder.invokeSpecial(java.lang.Object, java.lang.Object, java.lang.Object, long, java.lang.Object)'> (0x000000008bf91588) 
thrown [s\open\src\hotspot\share\interpreter\linkResolver.cpp, line 759]
Event: 1.665 Thread 0x000001fc1adeb480 Exception <a 'java/lang/NoSuchMethodError'{0x000000008bf95190}: 'java.lang.Object java.lang.invoke.Invokers$Holder.linkToTargetMethod(java.lang.Object, long, java.lang.Object, java.lang.Object)'> (0x000000008bf95190) 
thrown [s\open\src\hotspot\share\interpreter\linkResolver.cpp, line 759]
Event: 1.729 Thread 0x000001fc1adeb480 Exception <a 'java/lang/NoSuchMethodError'{0x000000008bcad518}: 'void java.lang.invoke.DirectMethodHandle$Holder.invokeStatic(java.lang.Object, java.lang.Object, java.lang.Object, java.lang.Object)'> (0x000000008bcad518) 
thrown [s\open\src\hotspot\share\interpreter\linkResolver.cpp, line 759]
Event: 1.764 Thread 0x000001fc1adeb480 Exception <a 'java/lang/NoSuchMethodError'{0x000000008ba1bba8}: 'int java.lang.invoke.DirectMethodHandle$Holder.invokeStaticInit(java.lang.Object, java.lang.Object)'> (0x000000008ba1bba8) 
thrown [s\open\src\hotspot\share\interpreter\linkResolver.cpp, line 759]
Event: 1.771 Thread 0x000001fc1adeb480 Exception <a 'java/lang/NoSuchMethodError'{0x000000008ba593d8}: 'void java.lang.invoke.DirectMethodHandle$Holder.invokeInterface(java.lang.Object, java.lang.Object, java.lang.Object, java.lang.Object)'> (0x000000008ba593d8) 
thrown [s\open\src\hotspot\share\interpreter\linkResolver.cpp, line 759]
Event: 1.818 Thread 0x000001fc1adeb480 Exception <a 'java/lang/NoSuchMethodError'{0x000000008b8c13e0}: 'java.lang.Object java.lang.invoke.DirectMethodHandle$Holder.invokeInterface(java.lang.Object, java.lang.Object)'> (0x000000008b8c13e0) 
thrown [s\open\src\hotspot\share\interpreter\linkResolver.cpp, line 759]
Event: 1.824 Thread 0x000001fc1adeb480 Exception <a 'java/lang/NoSuchMethodError'{0x000000008b707ac8}: 'void java.lang.invoke.DirectMethodHandle$Holder.invokeStatic(java.lang.Object, java.lang.Object, java.lang.Object)'> (0x000000008b707ac8) 
thrown [s\open\src\hotspot\share\interpreter\linkResolver.cpp, line 759]
Event: 1.826 Thread 0x000001fc1adeb480 Exception <a 'java/lang/NoSuchMethodError'{0x000000008b71ee18}: 'java.lang.Object java.lang.invoke.DirectMethodHandle$Holder.invokeSpecialIFC(java.lang.Object, java.lang.Object, java.lang.Object, java.lang.Object)'> (0x000000008b71ee18) 
thrown [s\open\src\hotspot\share\interpreter\linkResolver.cpp, line 759]
Event: 1.828 Thread 0x000001fc1adeb480 Exception <a 'java/lang/NoSuchMethodError'{0x000000008b741530}: 'java.lang.Object java.lang.invoke.DirectMethodHandle$Holder.invokeInterface(java.lang.Object, java.lang.Object, java.lang.Object)'> (0x000000008b741530) 
thrown [s\open\src\hotspot\share\interpreter\linkResolver.cpp, line 759]
Event: 1.849 Thread 0x000001fc1adeb480 Exception <a 'java/lang/NoSuchMethodError'{0x000000008b6810f0}: 'java.lang.Object java.lang.invoke.DirectMethodHandle$Holder.invokeStaticInit(java.lang.Object)'> (0x000000008b6810f0) 
thrown [s\open\src\hotspot\share\interpreter\linkResolver.cpp, line 759]
Event: 1.861 Thread 0x000001fc1adeb480 Exception <a 'java/lang/NoSuchMethodError'{0x000000008b6d3798}: 'int java.lang.invoke.DirectMethodHandle$Holder.invokeSpecial(java.lang.Object, java.lang.Object, java.lang.Object)'> (0x000000008b6d3798) 
thrown [s\open\src\hotspot\share\interpreter\linkResolver.cpp, line 759]
Event: 1.919 Thread 0x000001fc39609300 Exception <a 'java/lang/NoSuchMethodError'{0x000000008c87b938}: 'int java.lang.invoke.DirectMethodHandle$Holder.invokeStaticInit(java.lang.Object, java.lang.Object, java.lang.Object)'> (0x000000008c87b938) 
thrown [s\open\src\hotspot\share\interpreter\linkResolver.cpp, line 759]
Event: 1.925 Thread 0x000001fc39609300 Exception <a 'java/lang/NoSuchMethodError'{0x000000008c8e2d10}: 'java.lang.Object java.lang.invoke.DirectMethodHandle$Holder.newInvokeSpecial(java.lang.Object, java.lang.Object, java.lang.Object, java.lang.Object, java.lang.Object)'> (0x000000008c8e2d10) 
thrown [s\open\src\hotspot\share\interpreter\linkResolver.cpp, line 759]
Event: 1.930 Thread 0x000001fc39609300 Exception <a 'java/lang/NoSuchMethodError'{0x000000008c72fd50}: 'java.lang.Object java.lang.invoke.DirectMethodHandle$Holder.invokeStaticInit(java.lang.Object, java.lang.Object, java.lang.Object)'> (0x000000008c72fd50) 
thrown [s\open\src\hotspot\share\interpreter\linkResolver.cpp, line 759]
Event: 1.946 Thread 0x000001fc39609300 Exception <a 'java/lang/IncompatibleClassChangeError'{0x000000008c610548}: Found class java.lang.Object, but interface was expected> (0x000000008c610548) 
thrown [s\open\src\hotspot\share\interpreter\linkResolver.cpp, line 826]
Event: 1.962 Thread 0x000001fc39609300 Exception <a 'sun/nio/fs/WindowsException'{0x000000008c6da7e8}> (0x000000008c6da7e8) 
thrown [s\open\src\hotspot\share\prims\jni.cpp, line 516]

VM Operations (20 events):
Event: 0.709 Executing VM operation: ChangeBreakpoints
Event: 0.709 Executing VM operation: ChangeBreakpoints done
Event: 1.420 Executing VM operation: ChangeBreakpoints
Event: 1.420 Executing VM operation: ChangeBreakpoints done
Event: 1.421 Executing VM operation: ChangeBreakpoints
Event: 1.421 Executing VM operation: ChangeBreakpoints done
Event: 1.592 Executing VM operation: HandshakeAllThreads
Event: 1.592 Executing VM operation: HandshakeAllThreads done
Event: 1.614 Executing VM operation: HandshakeAllThreads
Event: 1.614 Executing VM operation: HandshakeAllThreads done
Event: 1.627 Executing VM operation: HandshakeAllThreads
Event: 1.627 Executing VM operation: HandshakeAllThreads done
Event: 1.718 Executing VM operation: HandshakeAllThreads
Event: 1.718 Executing VM operation: HandshakeAllThreads done
Event: 1.897 Executing VM operation: G1CollectForAllocation
Event: 1.901 Executing VM operation: G1CollectForAllocation done
Event: 1.963 Executing VM operation: HandshakeAllThreads
Event: 1.963 Executing VM operation: HandshakeAllThreads done
Event: 2.965 Executing VM operation: Cleanup
Event: 2.965 Executing VM operation: Cleanup done

Events (20 events):
Event: 1.967 loading class org/springframework/format/Parser
Event: 1.967 loading class org/springframework/format/Parser done
Event: 1.967 loading class org/springframework/core/convert/converter/Converter
Event: 1.967 loading class org/springframework/core/convert/converter/Converter done
Event: 1.967 loading class org/springframework/core/convert/converter/ConverterFactory
Event: 1.967 loading class org/springframework/core/convert/converter/ConverterFactory done
Event: 1.967 loading class org/springframework/format/Formatter
Event: 1.967 loading class org/springframework/format/Formatter done
Event: 1.968 loading class org/springframework/core/convert/support/GenericConversionService$NoOpConverter
Event: 1.968 loading class org/springframework/core/convert/support/GenericConversionService$NoOpConverter done
Event: 1.968 loading class org/springframework/core/convert/support/GenericConversionService$Converters
Event: 1.968 loading class org/springframework/core/convert/support/GenericConversionService$Converters done
Event: 1.969 loading class java/util/concurrent/CopyOnWriteArraySet
Event: 1.969 loading class java/util/concurrent/CopyOnWriteArraySet done
Event: 1.969 loading class org/springframework/core/convert/support/DefaultConversionService
Event: 1.969 loading class org/springframework/core/convert/support/DefaultConversionService done
Event: 1.969 loading class org/springframework/core/convert/support/NumberToNumberConverterFactory
Event: 1.969 loading class org/springframework/core/convert/support/NumberToNumberConverterFactory done
Event: 1.970 loading class org/springframework/core/convert/converter/ConditionalConverter
Event: 1.970 loading class org/springframework/core/convert/converter/ConditionalConverter done


Dynamic libraries:
0x00007ff697fa0000 - 0x00007ff697fb0000 	C:\Program Files\Java\jdk-17.0.10\bin\java.exe
0x00007ffffaee0000 - 0x00007ffffb145000 	C:\WINDOWS\SYSTEM32\ntdll.dll
0x00007ffff9f40000 - 0x00007ffffa009000 	C:\WINDOWS\System32\KERNEL32.DLL
0x00007ffff8180000 - 0x00007ffff8568000 	C:\WINDOWS\System32\KERNELBASE.dll
0x00007ffff8030000 - 0x00007ffff817b000 	C:\WINDOWS\System32\ucrtbase.dll
0x00007fffd60c0000 - 0x00007fffd60d9000 	C:\Program Files\Java\jdk-17.0.10\bin\jli.dll
0x00007fffd5f50000 - 0x00007fffd5f6b000 	C:\Program Files\Java\jdk-17.0.10\bin\VCRUNTIME140.dll
0x00007ffff9890000 - 0x00007ffff9943000 	C:\WINDOWS\System32\ADVAPI32.dll
0x00007ffff93f0000 - 0x00007ffff9499000 	C:\WINDOWS\System32\msvcrt.dll
0x00007ffff9590000 - 0x00007ffff9636000 	C:\WINDOWS\System32\sechost.dll
0x00007ffff9e20000 - 0x00007ffff9f35000 	C:\WINDOWS\System32\RPCRT4.dll
0x00007ffff9640000 - 0x00007ffff980a000 	C:\WINDOWS\System32\USER32.dll
0x00007ffff8ba0000 - 0x00007ffff8bc7000 	C:\WINDOWS\System32\win32u.dll
0x00007fffdbd00000 - 0x00007fffdbf9a000 	C:\WINDOWS\WinSxS\amd64_microsoft.windows.common-controls_6595b64144ccf1df_6.0.26100.4202_none_3e0698d4e335f517\COMCTL32.dll
0x00007ffffa020000 - 0x00007ffffa04b000 	C:\WINDOWS\System32\GDI32.dll
0x00007ffff8820000 - 0x00007ffff8957000 	C:\WINDOWS\System32\gdi32full.dll
0x00007ffff8bd0000 - 0x00007ffff8c73000 	C:\WINDOWS\System32\msvcp_win.dll
0x00007ffff2070000 - 0x00007ffff207b000 	C:\WINDOWS\SYSTEM32\VERSION.dll
0x00007ffff9950000 - 0x00007ffff9980000 	C:\WINDOWS\System32\IMM32.DLL
0x00007ffff21a0000 - 0x00007ffff21ac000 	C:\Program Files\Java\jdk-17.0.10\bin\vcruntime140_1.dll
0x00007fffd34b0000 - 0x00007fffd353e000 	C:\Program Files\Java\jdk-17.0.10\bin\msvcp140.dll
0x00007fffc0e20000 - 0x00007fffc19ff000 	C:\Program Files\Java\jdk-17.0.10\bin\server\jvm.dll
0x00007ffffa010000 - 0x00007ffffa018000 	C:\WINDOWS\System32\PSAPI.DLL
0x00007fffd9820000 - 0x00007fffd982a000 	C:\WINDOWS\SYSTEM32\WSOCK32.dll
0x00007fffee890000 - 0x00007fffee8c5000 	C:\WINDOWS\SYSTEM32\WINMM.dll
0x00007ffff9810000 - 0x00007ffff9884000 	C:\WINDOWS\System32\WS2_32.dll
0x00007ffff6db0000 - 0x00007ffff6dcb000 	C:\WINDOWS\SYSTEM32\kernel.appcore.dll
0x00007ffff2100000 - 0x00007ffff210a000 	C:\Program Files\Java\jdk-17.0.10\bin\jimage.dll
0x00007fffdce50000 - 0x00007fffdd091000 	C:\WINDOWS\SYSTEM32\DBGHELP.DLL
0x00007ffff9a90000 - 0x00007ffff9e15000 	C:\WINDOWS\System32\combase.dll
0x00007ffff94a0000 - 0x00007ffff9581000 	C:\WINDOWS\System32\OLEAUT32.dll
0x00007fffda9f0000 - 0x00007fffdaa29000 	C:\WINDOWS\SYSTEM32\dbgcore.DLL
0x00007ffff8570000 - 0x00007ffff8609000 	C:\WINDOWS\System32\bcryptPrimitives.dll
0x00007fffd3470000 - 0x00007fffd34ab000 	C:\Program Files\Java\jdk-17.0.10\bin\jdwp.dll
0x00007fffd43e0000 - 0x00007fffd43ee000 	C:\Program Files\Java\jdk-17.0.10\bin\instrument.dll
0x00007fffd43f0000 - 0x00007fffd4415000 	C:\Program Files\Java\jdk-17.0.10\bin\java.dll
0x00007fffd3760000 - 0x00007fffd3778000 	C:\Program Files\Java\jdk-17.0.10\bin\zip.dll
0x00007fffd3390000 - 0x00007fffd3467000 	C:\Program Files\Java\jdk-17.0.10\bin\jsvml.dll
0x00007ffffa1e0000 - 0x00007ffffa922000 	C:\WINDOWS\System32\SHELL32.dll
0x00007ffff8610000 - 0x00007ffff8784000 	C:\WINDOWS\System32\wintypes.dll
0x00007ffff5b60000 - 0x00007ffff63b7000 	C:\WINDOWS\SYSTEM32\windows.storage.dll
0x00007ffffa9b0000 - 0x00007ffffaaa1000 	C:\WINDOWS\System32\SHCORE.dll
0x00007ffff8c80000 - 0x00007ffff8cea000 	C:\WINDOWS\System32\shlwapi.dll
0x00007ffff7f40000 - 0x00007ffff7f6f000 	C:\WINDOWS\SYSTEM32\profapi.dll
0x00007fffd3340000 - 0x00007fffd334c000 	C:\Program Files\Java\jdk-17.0.10\bin\dt_socket.dll
0x00007ffff6550000 - 0x00007ffff6583000 	C:\WINDOWS\SYSTEM32\IPHLPAPI.DLL
0x00007ffff7300000 - 0x00007ffff736a000 	C:\WINDOWS\system32\mswsock.dll
0x00007fffd3370000 - 0x00007fffd3389000 	C:\Program Files\java\jdk-17.0.10\bin\net.dll
0x00007ffff1e10000 - 0x00007ffff1f2e000 	C:\WINDOWS\SYSTEM32\WINHTTP.dll
0x00007fffd3350000 - 0x00007fffd3366000 	C:\Program Files\java\jdk-17.0.10\bin\nio.dll
0x00007fffd3330000 - 0x00007fffd333a000 	C:\Program Files\java\jdk-17.0.10\bin\management.dll
0x00007fffd2830000 - 0x00007fffd283b000 	C:\Program Files\java\jdk-17.0.10\bin\management_ext.dll

dbghelp: loaded successfully - version: 4.0.5 - missing functions: none
symbol engine: initialized successfully - sym options: 0x614 - pdb path: .;C:\Program Files\Java\jdk-17.0.10\bin;C:\WINDOWS\SYSTEM32;C:\WINDOWS\WinSxS\amd64_microsoft.windows.common-controls_6595b64144ccf1df_6.0.26100.4202_none_3e0698d4e335f517;C:\Program Files\Java\jdk-17.0.10\bin\server

VM Arguments:
jvm_args: -agentlib:jdwp=transport=dt_socket,address=127.0.0.1:65086,suspend=y,server=n -javaagent:C:\Users\1605\AppData\Local\JetBrains\IdeaIC2024.2\captureAgent\debugger-agent.jar -Dkotlinx.coroutines.debug.enable.creation.stack.trace=false -Ddebugger.agent.enable.coroutines=true -Dfile.encoding=UTF-8 
java_command: prep.SpringBootApplication_1.SpringBootApplication1Application
java_class_path (initial): D:\workspce\LocalgitProjects\Backend\SpringBootApplication-1\target\classes;C:\Users\1605\.m2\repository\org\springframework\boot\spring-boot-starter-data-jpa\3.5.0\spring-boot-starter-data-jpa-3.5.0.jar;C:\Users\1605\.m2\repository\org\springframework\boot\spring-boot-starter\3.5.0\spring-boot-starter-3.5.0.jar;C:\Users\1605\.m2\repository\org\springframework\boot\spring-boot-starter-logging\3.5.0\spring-boot-starter-logging-3.5.0.jar;C:\Users\1605\.m2\repository\ch\qos\logback\logback-classic\1.5.18\logback-classic-1.5.18.jar;C:\Users\1605\.m2\repository\ch\qos\logback\logback-core\1.5.18\logback-core-1.5.18.jar;C:\Users\1605\.m2\repository\org\apache\logging\log4j\log4j-to-slf4j\2.24.3\log4j-to-slf4j-2.24.3.jar;C:\Users\1605\.m2\repository\org\apache\logging\log4j\log4j-api\2.24.3\log4j-api-2.24.3.jar;C:\Users\1605\.m2\repository\org\slf4j\jul-to-slf4j\2.0.17\jul-to-slf4j-2.0.17.jar;C:\Users\1605\.m2\repository\jakarta\annotation\jakarta.annotation-api\2.1.1\jakarta.annotation-api-2.1.1.jar;C:\Users\1605\.m2\repository\org\yaml\snakeyaml\2.4\snakeyaml-2.4.jar;C:\Users\1605\.m2\repository\org\springframework\boot\spring-boot-starter-jdbc\3.5.0\spring-boot-starter-jdbc-3.5.0.jar;C:\Users\1605\.m2\repository\com\zaxxer\HikariCP\6.3.0\HikariCP-6.3.0.jar;C:\Users\1605\.m2\repository\org\springframework\spring-jdbc\6.2.7\spring-jdbc-6.2.7.jar;C:\Users\1605\.m2\repository\org\hibernate\orm\hibernate-core\6.6.15.Final\hibernate-core-6.6.15.Final.jar;C:\Users\1605\.m2\repository\jakarta\persistence\jakarta.persistence-api\3.1.0\jakarta.persistence-api-3.1.0.jar;C:\Users\1605\.m2\repository\jakarta\transaction\jakarta.transaction-api\2.0.1\jakarta.transaction-api-2.0.1.jar;C:\Users\1605\.m2\repository\org\jboss\logging\jboss-logging\3.6.1.Final\jboss-logging-3.6.1.Final.jar;C:\Users\1605\.m2\repository\org\hibernate\common\hibernate-commons-annotations\7.0.3.Final\hibernate-commons-annotations-7.0.3.Final.jar;C:\Users\1605\.m2\repository\io\sma
Launcher Type: SUN_STANDARD

[Global flags]
     intx CICompilerCount                          = 4                                         {product} {ergonomic}
     uint ConcGCThreads                            = 3                                         {product} {ergonomic}
     uint G1ConcRefinementThreads                  = 10                                        {product} {ergonomic}
   size_t G1HeapRegionSize                         = 1048576                                   {product} {ergonomic}
    uintx GCDrainStackTargetSize                   = 64                                        {product} {ergonomic}
   size_t InitialHeapSize                          = 130023424                                 {product} {ergonomic}
   size_t MarkStackSize                            = 4194304                                   {product} {ergonomic}
   size_t MaxHeapSize                              = 2065694720                                {product} {ergonomic}
   size_t MaxNewSize                               = 1239416832                                {product} {ergonomic}
   size_t MinHeapDeltaBytes                        = 1048576                                   {product} {ergonomic}
   size_t MinHeapSize                              = 8388608                                   {product} {ergonomic}
    uintx NonNMethodCodeHeapSize                   = 5839372                                {pd product} {ergonomic}
    uintx NonProfiledCodeHeapSize                  = 122909434                              {pd product} {ergonomic}
    uintx ProfiledCodeHeapSize                     = 122909434                              {pd product} {ergonomic}
    uintx ReservedCodeCacheSize                    = 251658240                              {pd product} {ergonomic}
     bool SegmentedCodeCache                       = true                                      {product} {ergonomic}
   size_t SoftMaxHeapSize                          = 2065694720                             {manageable} {ergonomic}
     bool UseCompressedClassPointers               = true                           {product lp64_product} {ergonomic}
     bool UseCompressedOops                        = true                           {product lp64_product} {ergonomic}
     bool UseG1GC                                  = true                                      {product} {ergonomic}
     bool UseLargePagesIndividualAllocation        = false                                  {pd product} {ergonomic}

Logging:
Log output configuration:
 #0: stdout all=warning uptime,level,tags
 #1: stderr all=off uptime,level,tags

Environment Variables:
JAVA_HOME=C:\Program Files\java\jdk-17.0.10
PATH=C:\WINDOWS\system32;C:\WINDOWS;C:\WINDOWS\System32\Wbem;C:\WINDOWS\System32\WindowsPowerShell\v1.0\;C:\WINDOWS\System32\OpenSSH\;C:\Users\Rakesh;C:\Program Files\java\jdk-17.0.10\bin;C:\Program Files\java\keycloak-24.0.4\bin;C:\Program Files\java\jdk-17.0.10\bin;C:\Program Files\Amazon\AWSCLIV2\;C:\Users\1605\OneDrive - Andhra Pradesh Centre for Financial Systems and Services\Desktop\SonarLatestVersion\sonarqube\bin;C:\Users\1605\OneDrive - Andhra Pradesh Centre for Financial Systems and Services\Desktop\SonarLatestVersion\sonarqube;C:\Program Files\apache-maven-4.0.0-beta-4\bin;C:\Program Files\apache-maven-4.0.0-beta-4;C:\Program Files\nodejs;C:\Program Files\PostgreSQL;C:\Program Files\nodejs\;C:\Program Files;C:\Users\1605\.m2;C:\Users\1605\AppData\Local\Programs\Python\Python312\Scripts\;C:\Users\1605\AppData\Local\Programs\Python\Python312\;C:\Users\1605\AppData\Local\Microsoft\WindowsApps;C:\Users\1605\AppData\Local\Programs\Git\cmd;C:\Users\1605\AppData\Local\Programs\Microsoft VS Code\bin;C:\Users\1605\AppData\Local\nvs\;C:\Users\1605\AppData\Roaming\npm;C:\Users\1605\AppData\Local\Programs\MiKTeX\miktex\bin\x64\;
USERNAME=1605
OS=Windows_NT
PROCESSOR_IDENTIFIER=Intel64 Family 6 Model 191 Stepping 2, GenuineIntel



---------------  S Y S T E M  ---------------

OS:
 Windows 11 , 64 bit Build 26100 (10.0.26100.4202)
OS uptime: 7 days 2:04 hours
Hyper-V role detected

CPU: total 12 (initial active 12) (8 cores per cpu, 2 threads per core) family 6 model 191 stepping 2 microcode 0x37, cx8, cmov, fxsr, ht, mmx, 3dnowpref, sse, sse2, sse3, ssse3, sse4.1, sse4.2, popcnt, lzcnt, tsc, tscinvbit, avx, avx2, aes, erms, clmul, bmi1, bmi2, adx, sha, fma, vzeroupper, clflush, clflushopt, clwb, hv

Memory: 4k page, system-wide physical 7876M (351M free)
TotalPageFile size 32452M (AvailPageFile size 0M)
current process WorkingSet (physical memory assigned to process): 85M, peak: 85M
current process commit charge ("private bytes"): 227M, peak: 227M

vm_info: Java HotSpot(TM) 64-Bit Server VM (17.0.10+11-LTS-240) for windows-amd64 JRE (17.0.10+11-LTS-240), built on Dec 19 2023 21:47:25 by "mach5one" with MS VC++ 17.1 (VS2022)

END.
